<?xml version="1.0" encoding="UTF-8"?>
<!-- Generated by org.testng.reporters.JUnitXMLReporter -->
<testsuite ignored="4" hostname="Satishs-MacBook-Pro.local" failures="0" tests="1" name="Default test" time="19.526" errors="0" timestamp="03 Aug. 2021 02:25:20 GMT">
  <testcase classname="itjobsca.Testitjobsca" name="selectedEmployers" time="5.306"/>
  <testcase classname="itjobsca.Testitjobsca" name="BrowseByLocation" time="0.0">
    <ignored/>
  </testcase> <!-- BrowseByLocation -->
  <testcase classname="itjobsca.Testitjobsca" name="createAnAlert" time="0.0">
    <ignored/>
  </testcase> <!-- createAnAlert -->
  <testcase classname="itjobsca.Testitjobsca" name="verifyMenuElements" time="0.0">
    <ignored/>
  </testcase> <!-- verifyMenuElements -->
  <testcase classname="itjobsca.Testitjobsca" name="filterJobsSearchByLocation" time="0.0">
    <ignored/>
  </testcase> <!-- filterJobsSearchByLocation -->
</testsuite> <!-- Default test -->
